  PTTs2.cpp
c:\users\adam\documents\github\ptts2\ptts2\ptts2.cpp(125): warning C4309: 'initializing': truncation of constant value
c:\users\adam\documents\github\ptts2\ptts2\ptts2.cpp(145): warning C4838: conversion from 'int' to 'char' requires a narrowing conversion
c:\users\adam\documents\github\ptts2\ptts2\ptts2.cpp(145): warning C4305: 'initializing': truncation from 'int' to 'char'
c:\users\adam\documents\github\ptts2\ptts2\ptts2.cpp(145): warning C4309: 'initializing': truncation of constant value
c:\users\adam\documents\github\ptts2\ptts2\ptts2.cpp(153): warning C4838: conversion from 'int' to 'char' requires a narrowing conversion
c:\users\adam\documents\github\ptts2\ptts2\ptts2.cpp(153): warning C4305: 'initializing': truncation from 'int' to 'char'
c:\users\adam\documents\github\ptts2\ptts2\ptts2.cpp(153): warning C4309: 'initializing': truncation of constant value
c:\users\adam\documents\github\ptts2\ptts2\ptts2.cpp(170): warning C4305: '=': truncation from 'int' to 'char'
c:\users\adam\documents\github\ptts2\ptts2\ptts2.cpp(170): warning C4309: '=': truncation of constant value
c:\users\adam\documents\github\ptts2\ptts2\ptts2.cpp(185): warning C4305: '=': truncation from 'int' to 'char'
c:\users\adam\documents\github\ptts2\ptts2\ptts2.cpp(185): warning C4309: '=': truncation of constant value
c:\users\adam\documents\github\ptts2\ptts2\ptts2.cpp(200): warning C4305: '=': truncation from 'int' to 'char'
c:\users\adam\documents\github\ptts2\ptts2\ptts2.cpp(200): warning C4309: '=': truncation of constant value
c:\users\adam\documents\github\ptts2\ptts2\ptts2.cpp(215): warning C4305: '=': truncation from 'int' to 'char'
c:\users\adam\documents\github\ptts2\ptts2\ptts2.cpp(215): warning C4309: '=': truncation of constant value
c:\users\adam\documents\github\ptts2\ptts2\ptts2.cpp(294): warning C4838: conversion from 'int' to 'char' requires a narrowing conversion
c:\users\adam\documents\github\ptts2\ptts2\ptts2.cpp(294): warning C4305: 'initializing': truncation from 'int' to 'char'
c:\users\adam\documents\github\ptts2\ptts2\ptts2.cpp(294): warning C4309: 'initializing': truncation of constant value
c:\users\adam\documents\github\ptts2\ptts2\ptts2.cpp(303): warning C4838: conversion from 'int' to 'char' requires a narrowing conversion
c:\users\adam\documents\github\ptts2\ptts2\ptts2.cpp(303): warning C4305: 'initializing': truncation from 'int' to 'char'
c:\users\adam\documents\github\ptts2\ptts2\ptts2.cpp(303): warning C4309: 'initializing': truncation of constant value
c:\users\adam\documents\github\ptts2\ptts2\ptts2.cpp(309): error C2664: 'void displayBoard(int,int,char [][5])': cannot convert argument 3 from 'char [6][6]' to 'char [][5]'
  c:\users\adam\documents\github\ptts2\ptts2\ptts2.cpp(309): note: Types pointed to are unrelated; conversion requires reinterpret_cast, C-style cast or function-style cast
c:\users\adam\documents\github\ptts2\ptts2\ptts2.cpp(319): error C2065: 'board': undeclared identifier
c:\users\adam\documents\github\ptts2\ptts2\ptts2.cpp(320): error C2065: 'board': undeclared identifier
c:\users\adam\documents\github\ptts2\ptts2\ptts2.cpp(334): error C2065: 'board': undeclared identifier
c:\users\adam\documents\github\ptts2\ptts2\ptts2.cpp(335): error C2065: 'board': undeclared identifier
c:\users\adam\documents\github\ptts2\ptts2\ptts2.cpp(349): error C2065: 'board': undeclared identifier
c:\users\adam\documents\github\ptts2\ptts2\ptts2.cpp(350): error C2065: 'board': undeclared identifier
c:\users\adam\documents\github\ptts2\ptts2\ptts2.cpp(364): error C2065: 'board': undeclared identifier
c:\users\adam\documents\github\ptts2\ptts2\ptts2.cpp(365): error C2065: 'board': undeclared identifier
c:\users\adam\documents\github\ptts2\ptts2\ptts2.cpp(407): error C2065: 'board': undeclared identifier
